MSC NASTRAN F06 DEMO RESULT

                              D I S P L A C E M E N T   V E C T O R
      POINT ID.   TYPE          T1             T2             T3             R1             R2             R3
             1      G      8.000000E-02   0.000000E+00   0.000000E+00   0.0            0.0            0.0
             2      G      1.000000E-01   0.000000E+00   0.000000E+00   0.0            0.0            0.0
             3      G      1.200000E-01   0.000000E+00   0.000000E+00   0.0            0.0            0.0
             4      G      9.000000E-02   0.000000E+00   0.000000E+00   0.0            0.0            0.0
             5      G      1.500000E-01   0.000000E+00   0.000000E+00   0.0            0.0            0.0
             6      G      1.600000E-01   0.000000E+00   0.000000E+00   0.0            0.0            0.0

                              GRID POINT TEMPERATURES
      GRID ID.        TEMPERATURE
             1        9.800000E+01
             2        1.050000E+02
             3        1.100000E+02
             4        1.020000E+02
             5        1.120000E+02
             6        1.080000E+02

                              ELEMENT VON_MISES STRESS
      ELEMENT ID.     VON_MISES
           101        1.700000E+02
           102        1.820000E+02

                              ELEMENT HEAT_FLUX
      ELEMENT ID.     HEAT_FLUX
           101        1.800000E-02
           102        2.000000E-02
